<?xml version="1.0" encoding="UTF-8"?>
<!-- Generated by org.testng.reporters.JUnitReportReporter -->
<testsuite hostname="WMM0949MSTT004" name="com.morrisons.automation.runner.farmline.FarmlineRunner" tests="1" failures="0" timestamp="25 Jul 2019 10:58:57 GMT" time="66.931" errors="0">
  <testcase name="feature" time="66.931" classname="com.morrisons.automation.runner.farmline.FarmlineRunner"/>
</testsuite> <!-- com.morrisons.automation.runner.farmline.FarmlineRunner -->
