<?xml version="1.0" encoding="UTF-8"?>
<!-- Generated by org.testng.reporters.JUnitReportReporter -->
<testsuite hostname="DESKTOP-C3IEI47" name="com.morrisons.automation.runner.farmline.FarmlineRunner" tests="1" failures="0" timestamp="28 Jul 2019 13:16:16 GMT" time="166.619" errors="0">
  <testcase name="feature" time="166.619" classname="com.morrisons.automation.runner.farmline.FarmlineRunner"/>
</testsuite> <!-- com.morrisons.automation.runner.farmline.FarmlineRunner -->
