<?xml version="1.0" encoding="UTF-8"?>
<!-- Generated by org.testng.reporters.JUnitReportReporter -->
<testsuite hostname="DESKTOP-C3IEI47" name="com.automation.runner.FaceBookRunner" tests="1" failures="0" timestamp="28 Jul 2019 15:29:37 GMT" time="25.729" errors="0">
  <testcase name="feature" time="25.729" classname="com.automation.runner.FaceBookRunner"/>
</testsuite> <!-- com.automation.runner.FaceBookRunner -->
