<?xml version="1.0" encoding="UTF-8"?>
<!-- Generated by org.testng.reporters.JUnitReportReporter -->
<testsuite hostname="DESKTOP-C3IEI47" name="com.automation.runner.Runner" tests="1" failures="0" timestamp="28 Jul 2019 14:13:29 GMT" time="0.578" errors="0">
  <testcase name="feature" time="0.578" classname="com.automation.runner.Runner"/>
</testsuite> <!-- com.automation.runner.Runner -->
